<?xml version="1.0" encoding="UTF-8"?>
<!-- Generated by org.testng.reporters.JUnitXMLReporter -->
<testsuite hostname="LAPTOP-RUFSNHIJ" ignored="0" name="Default test" tests="6" failures="0" timestamp="16 Nov 2022 08:12:06 GMT" time="0.089" errors="0">
  <testcase name="tc100" time="0.013" classname="org.testng.com.Suite2"/>
  <testcase name="tc200" time="0.003" classname="org.testng.com.Suite2"/>
  <testcase name="tc300" time="0.003" classname="org.testng.com.Suite2"/>
  <testcase name="tc1" time="0.002" classname="org.testng.com.Suite1"/>
  <testcase name="tc2" time="0.002" classname="org.testng.com.Suite1"/>
  <testcase name="tc3" time="0.003" classname="org.testng.com.Suite1"/>
</testsuite> <!-- Default test -->
